{"/Users/Mark/Desktop/StandardBounties/contracts/bountied.sol":{"l":{"21":0,"22":0,"28":0,"29":0,"33":0,"40":0,"85":0},"path":"/Users/Mark/Desktop/StandardBounties/contracts/bountied.sol","s":{"1":0,"2":0,"3":0,"4":0,"5":0,"6":0},"b":{"1":[0,0]},"f":{"1":0,"2":0,"3":0,"4":0,"5":0},"fnMap":{"1":{"name":"onlyIssuer","line":20,"loc":{"start":{"line":20,"column":4},"end":{"line":20,"column":23}}},"2":{"name":"Bountied","line":27,"loc":{"start":{"line":27,"column":4},"end":{"line":27,"column":21}}},"3":{"name":"toggleBountied","line":32,"loc":{"start":{"line":32,"column":4},"end":{"line":32,"column":27}}},"4":{"name":"setContract","line":37,"loc":{"start":{"line":37,"column":4},"end":{"line":39,"column":6}}},"5":{"name":"checkInvariant","line":44,"loc":{"start":{"line":44,"column":4},"end":{"line":44,"column":41}}}},"statementMap":{"1":{"start":{"line":21,"column":6},"end":{"line":21,"column":35}},"2":{"start":{"line":28,"column":8},"end":{"line":28,"column":26}},"3":{"start":{"line":29,"column":8},"end":{"line":29,"column":22}},"4":{"start":{"line":33,"column":6},"end":{"line":33,"column":23}},"5":{"start":{"line":40,"column":8},"end":{"line":40,"column":43}},"6":{"start":{"line":85,"column":8},"end":{"line":85,"column":23}}},"branchMap":{"1":{"line":21,"type":"if","locations":[{"start":{"line":21,"column":6},"end":{"line":21,"column":6}},{"start":{"line":21,"column":6},"end":{"line":21,"column":6}}]}}},"/Users/Mark/Desktop/StandardBounties/contracts/BountyFactory.sol":{"l":{"31":0,"39":0,"40":0},"path":"/Users/Mark/Desktop/StandardBounties/contracts/BountyFactory.sol","s":{"1":0,"2":0},"b":{},"f":{"1":0},"fnMap":{"1":{"name":"create","line":20,"loc":{"start":{"line":20,"column":4},"end":{"line":30,"column":6}}}},"statementMap":{"1":{"start":{"line":31,"column":8},"end":{"line":31,"column":1110}},"2":{"start":{"line":40,"column":8},"end":{"line":40,"column":23}}},"branchMap":{}},"/Users/Mark/Desktop/StandardBounties/contracts/CodeBugBounty.sol":{"l":{"24":0,"25":0,"26":0,"30":0,"31":0,"66":0,"83":0,"85":0},"path":"/Users/Mark/Desktop/StandardBounties/contracts/CodeBugBounty.sol","s":{"1":0,"2":0,"3":0,"4":0,"5":0},"b":{"1":[0,0],"2":[0,0]},"f":{"1":0,"2":0,"3":0,"4":0},"fnMap":{"1":{"name":"checkBountiedInvariants","line":23,"loc":{"start":{"line":23,"column":2},"end":{"line":23,"column":62}}},"2":{"name":"checkBountiedInvariantsFailed","line":29,"loc":{"start":{"line":29,"column":2},"end":{"line":29,"column":60}}},"3":{"name":"CodeBugBounty","line":47,"loc":{"start":{"line":47,"column":2},"end":{"line":65,"column":4}}},"4":{"name":"fulfillBounty","line":75,"loc":{"start":{"line":75,"column":2},"end":{"line":82,"column":4}}}},"statementMap":{"1":{"start":{"line":24,"column":4},"end":{"line":24,"column":61}},"2":{"start":{"line":25,"column":4},"end":{"line":25,"column":48}},"3":{"start":{"line":30,"column":4},"end":{"line":30,"column":69}},"4":{"start":{"line":66,"column":4},"end":{"line":66,"column":39}},"5":{"start":{"line":85,"column":4},"end":{"line":85,"column":77}}},"branchMap":{"1":{"line":25,"type":"if","locations":[{"start":{"line":25,"column":4},"end":{"line":25,"column":4}},{"start":{"line":25,"column":4},"end":{"line":25,"column":4}}]},"2":{"line":30,"type":"if","locations":[{"start":{"line":30,"column":4},"end":{"line":30,"column":4}},{"start":{"line":30,"column":4},"end":{"line":30,"column":4}}]}}},"/Users/Mark/Desktop/StandardBounties/contracts/CodeBugBountyFactory.sol":{"l":{"33":0,"42":0,"43":0,"53":0},"path":"/Users/Mark/Desktop/StandardBounties/contracts/CodeBugBountyFactory.sol","s":{"1":0,"2":0,"3":0},"b":{},"f":{"1":0,"2":0},"fnMap":{"1":{"name":"create","line":21,"loc":{"start":{"line":21,"column":4},"end":{"line":32,"column":6}}},"2":{"name":"getInstanceCount","line":48,"loc":{"start":{"line":48,"column":4},"end":{"line":52,"column":6}}}},"statementMap":{"1":{"start":{"line":33,"column":8},"end":{"line":33,"column":1276}},"2":{"start":{"line":43,"column":8},"end":{"line":43,"column":26}},"3":{"start":{"line":53,"column":8},"end":{"line":53,"column":31}}},"branchMap":{}},"/Users/Mark/Desktop/StandardBounties/contracts/Factory.sol":{"l":{"21":0,"28":0,"29":0,"30":0},"path":"/Users/Mark/Desktop/StandardBounties/contracts/Factory.sol","s":{"1":0,"2":0,"3":0},"b":{},"f":{"1":0,"2":0},"fnMap":{"1":{"name":"getInstantiationCount","line":16,"loc":{"start":{"line":16,"column":4},"end":{"line":20,"column":6}}},"2":{"name":"register","line":27,"loc":{"start":{"line":27,"column":4},"end":{"line":27,"column":43}}}},"statementMap":{"1":{"start":{"line":21,"column":8},"end":{"line":21,"column":45}},"2":{"start":{"line":28,"column":8},"end":{"line":28,"column":44}},"3":{"start":{"line":30,"column":8},"end":{"line":30,"column":55}}},"branchMap":{}},"/Users/Mark/Desktop/StandardBounties/contracts/StandardBounty.sol":{"l":{"74":30,"75":29,"78":16,"79":16,"82":17,"83":16,"87":11,"88":10,"91":4,"92":3,"95":29,"96":85,"98":28,"102":24,"103":22,"107":44,"108":44,"112":28,"113":27,"117":2,"118":1,"122":34,"123":33,"128":5,"129":4,"133":17,"134":17,"138":52,"139":52,"143":69,"144":69,"148":10,"149":10,"155":20,"156":20,"157":60,"160":20,"161":17,"165":27,"166":26,"170":16,"171":15,"199":25,"200":25,"201":25,"202":25,"203":25,"204":25,"206":25,"223":2,"238":17,"240":17,"241":17,"256":16,"258":16,"272":15,"273":15,"275":15,"288":10,"289":10,"291":10,"293":10,"303":4,"305":4,"307":4,"318":1,"320":1,"330":1,"353":0,"354":0,"355":0,"356":0,"357":0,"358":0,"369":0,"379":0,"389":0,"399":0,"413":0,"427":25,"441":0,"457":42,"458":126,"473":21},"path":"/Users/Mark/Desktop/StandardBounties/contracts/StandardBounty.sol","s":{"1":30,"2":16,"3":17,"4":11,"5":4,"6":29,"7":85,"8":24,"9":44,"10":28,"11":2,"12":34,"13":5,"14":17,"15":52,"16":69,"17":10,"18":20,"19":20,"20":60,"21":20,"22":27,"23":16,"24":25,"25":25,"26":25,"27":25,"28":25,"29":25,"30":25,"31":25,"32":2,"33":17,"34":17,"35":17,"36":16,"37":15,"38":15,"39":10,"40":10,"41":4,"42":4,"43":1,"44":1,"45":1,"46":0,"47":0,"48":0,"49":0,"50":0,"51":0,"52":0,"53":0,"54":0,"55":0,"56":0,"57":25,"58":0,"59":42,"60":126,"61":21},"b":{"1":[29,1],"2":[16,0],"3":[16,1],"4":[10,1],"5":[3,1],"6":[84,1],"7":[22,2],"8":[44,0],"9":[27,1],"10":[1,1],"11":[33,1],"12":[4,1],"13":[17,0],"14":[52,0],"15":[69,0],"16":[10,0],"17":[17,3],"18":[26,1],"19":[15,1]},"f":{"1":30,"2":16,"3":17,"4":11,"5":4,"6":29,"7":24,"8":44,"9":28,"10":2,"11":34,"12":5,"13":17,"14":52,"15":69,"16":10,"17":20,"18":27,"19":16,"20":25,"21":2,"22":17,"23":16,"24":15,"25":10,"26":4,"27":1,"28":1,"29":0,"30":0,"31":0,"32":0,"33":0,"34":0,"35":25,"36":0,"37":42,"38":21},"fnMap":{"1":{"name":"onlyIssuer","line":73,"loc":{"start":{"line":73,"column":2},"end":{"line":73,"column":24}}},"2":{"name":"onlyIssuerOrArbiter","line":77,"loc":{"start":{"line":77,"column":2},"end":{"line":77,"column":33}}},"3":{"name":"notIssuerOrArbiter","line":81,"loc":{"start":{"line":81,"column":2},"end":{"line":81,"column":32}}},"4":{"name":"onlyFulfiller","line":86,"loc":{"start":{"line":86,"column":2},"end":{"line":86,"column":65}}},"5":{"name":"amountIsNotZero","line":90,"loc":{"start":{"line":90,"column":3},"end":{"line":90,"column":40}}},"6":{"name":"amountsNotZero","line":94,"loc":{"start":{"line":94,"column":2},"end":{"line":94,"column":41}}},"7":{"name":"amountEqualsValue","line":101,"loc":{"start":{"line":101,"column":2},"end":{"line":101,"column":42}}},"8":{"name":"isBeforeDeadline","line":106,"loc":{"start":{"line":106,"column":2},"end":{"line":106,"column":30}}},"9":{"name":"validateDeadline","line":111,"loc":{"start":{"line":111,"column":2},"end":{"line":111,"column":46}}},"10":{"name":"newDeadlineIsValid","line":116,"loc":{"start":{"line":116,"column":2},"end":{"line":116,"column":48}}},"11":{"name":"isAtStage","line":121,"loc":{"start":{"line":121,"column":2},"end":{"line":121,"column":48}}},"12":{"name":"isNotDead","line":127,"loc":{"start":{"line":127,"column":2},"end":{"line":127,"column":23}}},"13":{"name":"checkFulfillmentsNumber","line":132,"loc":{"start":{"line":132,"column":2},"end":{"line":132,"column":54}}},"14":{"name":"validateFulfillmentArrayIndex","line":137,"loc":{"start":{"line":137,"column":2},"end":{"line":137,"column":72}}},"15":{"name":"validateMilestoneIndex","line":142,"loc":{"start":{"line":142,"column":2},"end":{"line":142,"column":52}}},"16":{"name":"checkFulfillmentIsApprovedAndUnpaid","line":147,"loc":{"start":{"line":147,"column":2},"end":{"line":147,"column":87}}},"17":{"name":"validateFunding","line":153,"loc":{"start":{"line":153,"column":2},"end":{"line":153,"column":29}}},"18":{"name":"correctLengths","line":164,"loc":{"start":{"line":164,"column":2},"end":{"line":164,"column":61}}},"19":{"name":"unpaidAmountRemains","line":169,"loc":{"start":{"line":169,"column":2},"end":{"line":169,"column":50}}},"20":{"name":"StandardBounty","line":186,"loc":{"start":{"line":186,"column":2},"end":{"line":197,"column":4}}},"21":{"name":"contribute","line":216,"loc":{"start":{"line":216,"column":2},"end":{"line":222,"column":4}}},"22":{"name":"activateBounty","line":230,"loc":{"start":{"line":230,"column":2},"end":{"line":237,"column":4}}},"23":{"name":"fulfillBounty","line":248,"loc":{"start":{"line":248,"column":2},"end":{"line":255,"column":4}}},"24":{"name":"acceptFulfillment","line":264,"loc":{"start":{"line":264,"column":2},"end":{"line":271,"column":4}}},"25":{"name":"fulfillmentPayment","line":281,"loc":{"start":{"line":281,"column":2},"end":{"line":287,"column":4}}},"26":{"name":"killBounty","line":299,"loc":{"start":{"line":299,"column":2},"end":{"line":302,"column":4}}},"27":{"name":"extendDeadline","line":313,"loc":{"start":{"line":313,"column":2},"end":{"line":317,"column":4}}},"28":{"name":"transferIssuer","line":326,"loc":{"start":{"line":326,"column":2},"end":{"line":329,"column":4}}},"29":{"name":"changeBounty","line":340,"loc":{"start":{"line":340,"column":2},"end":{"line":352,"column":4}}},"30":{"name":"changeDeadline","line":363,"loc":{"start":{"line":363,"column":2},"end":{"line":368,"column":4}}},"31":{"name":"changeData","line":374,"loc":{"start":{"line":374,"column":2},"end":{"line":378,"column":4}}},"32":{"name":"changeContact","line":384,"loc":{"start":{"line":384,"column":2},"end":{"line":388,"column":4}}},"33":{"name":"changeArbiter","line":394,"loc":{"start":{"line":394,"column":2},"end":{"line":398,"column":4}}},"34":{"name":"changeFulfillmentAmounts","line":406,"loc":{"start":{"line":406,"column":2},"end":{"line":412,"column":4}}},"35":{"name":"getFulfillment","line":420,"loc":{"start":{"line":420,"column":2},"end":{"line":426,"column":4}}},"36":{"name":"getBounty","line":436,"loc":{"start":{"line":436,"column":2},"end":{"line":440,"column":4}}},"37":{"name":"unpaidAmount","line":452,"loc":{"start":{"line":452,"column":2},"end":{"line":456,"column":4}}},"38":{"name":"transitionToState","line":470,"loc":{"start":{"line":470,"column":2},"end":{"line":472,"column":4}}}},"statementMap":{"1":{"start":{"line":74,"column":6},"end":{"line":74,"column":34}},"2":{"start":{"line":78,"column":6},"end":{"line":78,"column":59}},"3":{"start":{"line":82,"column":6},"end":{"line":82,"column":59}},"4":{"start":{"line":87,"column":6},"end":{"line":87,"column":80}},"5":{"start":{"line":91,"column":6},"end":{"line":91,"column":25}},"6":{"start":{"line":95,"column":6},"end":{"line":95,"column":2906}},"7":{"start":{"line":96,"column":10},"end":{"line":96,"column":32}},"8":{"start":{"line":102,"column":6},"end":{"line":102,"column":43}},"9":{"start":{"line":107,"column":6},"end":{"line":107,"column":28}},"10":{"start":{"line":112,"column":6},"end":{"line":112,"column":31}},"11":{"start":{"line":117,"column":6},"end":{"line":117,"column":36}},"12":{"start":{"line":122,"column":6},"end":{"line":122,"column":41}},"13":{"start":{"line":128,"column":6},"end":{"line":128,"column":46}},"14":{"start":{"line":133,"column":6},"end":{"line":133,"column":62}},"15":{"start":{"line":138,"column":6},"end":{"line":138,"column":51}},"16":{"start":{"line":143,"column":6},"end":{"line":143,"column":42}},"17":{"start":{"line":148,"column":6},"end":{"line":148,"column":117}},"18":{"start":{"line":155,"column":6},"end":{"line":155,"column":19}},"19":{"start":{"line":156,"column":6},"end":{"line":156,"column":4256}},"20":{"start":{"line":157,"column":10},"end":{"line":157,"column":39}},"21":{"start":{"line":160,"column":6},"end":{"line":160,"column":55}},"22":{"start":{"line":165,"column":6},"end":{"line":165,"column":39}},"23":{"start":{"line":170,"column":6},"end":{"line":170,"column":81}},"24":{"start":{"line":198,"column":6},"end":{"line":198,"column":23}},"25":{"start":{"line":199,"column":6},"end":{"line":199,"column":33}},"26":{"start":{"line":200,"column":6},"end":{"line":200,"column":37}},"27":{"start":{"line":201,"column":6},"end":{"line":201,"column":25}},"28":{"start":{"line":202,"column":6},"end":{"line":202,"column":17}},"29":{"start":{"line":203,"column":6},"end":{"line":203,"column":35}},"30":{"start":{"line":204,"column":6},"end":{"line":204,"column":23}},"31":{"start":{"line":206,"column":6},"end":{"line":206,"column":45}},"32":{"start":{"line":223,"column":6},"end":{"line":223,"column":45}},"33":{"start":{"line":238,"column":6},"end":{"line":238,"column":43}},"34":{"start":{"line":240,"column":6},"end":{"line":240,"column":45}},"35":{"start":{"line":241,"column":6},"end":{"line":241,"column":32}},"36":{"start":{"line":258,"column":6},"end":{"line":258,"column":79}},"37":{"start":{"line":272,"column":6},"end":{"line":272,"column":63}},"38":{"start":{"line":275,"column":6},"end":{"line":275,"column":66}},"39":{"start":{"line":289,"column":6},"end":{"line":289,"column":59}},"40":{"start":{"line":293,"column":6},"end":{"line":293,"column":62}},"41":{"start":{"line":305,"column":6},"end":{"line":305,"column":41}},"42":{"start":{"line":307,"column":6},"end":{"line":307,"column":19}},"43":{"start":{"line":318,"column":6},"end":{"line":318,"column":28}},"44":{"start":{"line":320,"column":6},"end":{"line":320,"column":35}},"45":{"start":{"line":330,"column":4},"end":{"line":330,"column":22}},"46":{"start":{"line":353,"column":4},"end":{"line":353,"column":26}},"47":{"start":{"line":354,"column":4},"end":{"line":354,"column":34}},"48":{"start":{"line":355,"column":4},"end":{"line":355,"column":18}},"49":{"start":{"line":356,"column":4},"end":{"line":356,"column":46}},"50":{"start":{"line":357,"column":4},"end":{"line":357,"column":36}},"51":{"start":{"line":358,"column":4},"end":{"line":358,"column":24}},"52":{"start":{"line":369,"column":6},"end":{"line":369,"column":28}},"53":{"start":{"line":379,"column":6},"end":{"line":379,"column":20}},"54":{"start":{"line":389,"column":6},"end":{"line":389,"column":32}},"55":{"start":{"line":399,"column":6},"end":{"line":399,"column":26}},"56":{"start":{"line":413,"column":6},"end":{"line":413,"column":48}},"57":{"start":{"line":427,"column":6},"end":{"line":427,"column":13725}},"58":{"start":{"line":441,"column":6},"end":{"line":441,"column":14237}},"59":{"start":{"line":457,"column":6},"end":{"line":457,"column":14610}},"60":{"start":{"line":458,"column":10},"end":{"line":458,"column":72}},"61":{"start":{"line":473,"column":6},"end":{"line":473,"column":28}}},"branchMap":{"1":{"line":74,"type":"if","locations":[{"start":{"line":74,"column":6},"end":{"line":74,"column":6}},{"start":{"line":74,"column":6},"end":{"line":74,"column":6}}]},"2":{"line":78,"type":"if","locations":[{"start":{"line":78,"column":6},"end":{"line":78,"column":6}},{"start":{"line":78,"column":6},"end":{"line":78,"column":6}}]},"3":{"line":82,"type":"if","locations":[{"start":{"line":82,"column":6},"end":{"line":82,"column":6}},{"start":{"line":82,"column":6},"end":{"line":82,"column":6}}]},"4":{"line":87,"type":"if","locations":[{"start":{"line":87,"column":6},"end":{"line":87,"column":6}},{"start":{"line":87,"column":6},"end":{"line":87,"column":6}}]},"5":{"line":91,"type":"if","locations":[{"start":{"line":91,"column":6},"end":{"line":91,"column":6}},{"start":{"line":91,"column":6},"end":{"line":91,"column":6}}]},"6":{"line":96,"type":"if","locations":[{"start":{"line":96,"column":10},"end":{"line":96,"column":10}},{"start":{"line":96,"column":10},"end":{"line":96,"column":10}}]},"7":{"line":102,"type":"if","locations":[{"start":{"line":102,"column":6},"end":{"line":102,"column":6}},{"start":{"line":102,"column":6},"end":{"line":102,"column":6}}]},"8":{"line":107,"type":"if","locations":[{"start":{"line":107,"column":6},"end":{"line":107,"column":6}},{"start":{"line":107,"column":6},"end":{"line":107,"column":6}}]},"9":{"line":112,"type":"if","locations":[{"start":{"line":112,"column":6},"end":{"line":112,"column":6}},{"start":{"line":112,"column":6},"end":{"line":112,"column":6}}]},"10":{"line":117,"type":"if","locations":[{"start":{"line":117,"column":6},"end":{"line":117,"column":6}},{"start":{"line":117,"column":6},"end":{"line":117,"column":6}}]},"11":{"line":122,"type":"if","locations":[{"start":{"line":122,"column":6},"end":{"line":122,"column":6}},{"start":{"line":122,"column":6},"end":{"line":122,"column":6}}]},"12":{"line":128,"type":"if","locations":[{"start":{"line":128,"column":6},"end":{"line":128,"column":6}},{"start":{"line":128,"column":6},"end":{"line":128,"column":6}}]},"13":{"line":133,"type":"if","locations":[{"start":{"line":133,"column":6},"end":{"line":133,"column":6}},{"start":{"line":133,"column":6},"end":{"line":133,"column":6}}]},"14":{"line":138,"type":"if","locations":[{"start":{"line":138,"column":6},"end":{"line":138,"column":6}},{"start":{"line":138,"column":6},"end":{"line":138,"column":6}}]},"15":{"line":143,"type":"if","locations":[{"start":{"line":143,"column":6},"end":{"line":143,"column":6}},{"start":{"line":143,"column":6},"end":{"line":143,"column":6}}]},"16":{"line":148,"type":"if","locations":[{"start":{"line":148,"column":6},"end":{"line":148,"column":6}},{"start":{"line":148,"column":6},"end":{"line":148,"column":6}}]},"17":{"line":160,"type":"if","locations":[{"start":{"line":160,"column":6},"end":{"line":160,"column":6}},{"start":{"line":160,"column":6},"end":{"line":160,"column":6}}]},"18":{"line":165,"type":"if","locations":[{"start":{"line":165,"column":6},"end":{"line":165,"column":6}},{"start":{"line":165,"column":6},"end":{"line":165,"column":6}}]},"19":{"line":170,"type":"if","locations":[{"start":{"line":170,"column":6},"end":{"line":170,"column":6}},{"start":{"line":170,"column":6},"end":{"line":170,"column":6}}]}}},"/Users/Mark/Desktop/StandardBounties/contracts/StandardToken.sol":{"l":{"20":0,"21":0,"22":0,"23":0,"24":0,"31":0,"32":0,"33":0,"34":0,"35":0,"36":0,"41":0,"45":0,"46":0,"47":0,"51":0},"path":"/Users/Mark/Desktop/StandardBounties/contracts/StandardToken.sol","s":{"1":0,"2":0,"3":0,"4":0,"5":0,"6":0,"7":0,"8":0,"9":0,"10":0,"11":0,"12":0,"13":0,"14":0,"15":0,"16":0,"17":0,"18":0},"b":{"1":[0,0],"2":[0,0]},"f":{"1":0,"2":0,"3":0,"4":0,"5":0},"fnMap":{"1":{"name":"transfer","line":15,"loc":{"start":{"line":15,"column":4},"end":{"line":15,"column":72}}},"2":{"name":"transferFrom","line":28,"loc":{"start":{"line":28,"column":4},"end":{"line":28,"column":91}}},"3":{"name":"balanceOf","line":40,"loc":{"start":{"line":40,"column":4},"end":{"line":40,"column":72}}},"4":{"name":"approve","line":44,"loc":{"start":{"line":44,"column":4},"end":{"line":44,"column":76}}},"5":{"name":"allowance","line":50,"loc":{"start":{"line":50,"column":4},"end":{"line":50,"column":92}}}},"statementMap":{"1":{"start":{"line":20,"column":8},"end":{"line":20,"column":871}},"2":{"start":{"line":21,"column":12},"end":{"line":21,"column":41}},"3":{"start":{"line":22,"column":12},"end":{"line":22,"column":34}},"4":{"start":{"line":23,"column":12},"end":{"line":23,"column":44}},"5":{"start":{"line":24,"column":12},"end":{"line":24,"column":23}},"6":{"start":{"line":25,"column":17},"end":{"line":25,"column":29}},"7":{"start":{"line":31,"column":8},"end":{"line":31,"column":1453}},"8":{"start":{"line":32,"column":12},"end":{"line":32,"column":34}},"9":{"start":{"line":33,"column":12},"end":{"line":33,"column":36}},"10":{"start":{"line":34,"column":12},"end":{"line":34,"column":47}},"11":{"start":{"line":35,"column":12},"end":{"line":35,"column":39}},"12":{"start":{"line":36,"column":12},"end":{"line":36,"column":23}},"13":{"start":{"line":37,"column":17},"end":{"line":37,"column":29}},"14":{"start":{"line":41,"column":8},"end":{"line":41,"column":31}},"15":{"start":{"line":45,"column":8},"end":{"line":45,"column":45}},"16":{"start":{"line":46,"column":8},"end":{"line":46,"column":45}},"17":{"start":{"line":47,"column":8},"end":{"line":47,"column":19}},"18":{"start":{"line":51,"column":6},"end":{"line":51,"column":38}}},"branchMap":{"1":{"line":20,"type":"if","locations":[{"start":{"line":20,"column":8},"end":{"line":20,"column":8}},{"start":{"line":20,"column":8},"end":{"line":20,"column":8}}]},"2":{"line":31,"type":"if","locations":[{"start":{"line":31,"column":8},"end":{"line":31,"column":8}},{"start":{"line":31,"column":8},"end":{"line":31,"column":8}}]}}},"/Users/Mark/Desktop/StandardBounties/contracts/Token.sol":{"l":{},"path":"/Users/Mark/Desktop/StandardBounties/contracts/Token.sol","s":{},"b":{},"f":{},"fnMap":{},"statementMap":{},"branchMap":{}},"/Users/Mark/Desktop/StandardBounties/contracts/TokenBounty.sol":{"l":{"25":0,"26":0,"28":0,"32":0,"33":0,"34":0,"36":0,"38":0,"71":0,"86":0,"87":0,"89":0,"91":0,"101":0,"103":0,"105":0},"path":"/Users/Mark/Desktop/StandardBounties/contracts/TokenBounty.sol","s":{"1":0,"2":0,"3":0,"4":0,"5":0,"6":0,"7":0,"8":0,"9":0,"10":0,"11":0},"b":{"1":[0,0],"2":[0,0],"3":[0,0]},"f":{"1":0,"2":0,"3":0,"4":0,"5":0},"fnMap":{"1":{"name":"amountEqualsValue","line":24,"loc":{"start":{"line":24,"column":2},"end":{"line":24,"column":41}}},"2":{"name":"validateFunding","line":31,"loc":{"start":{"line":31,"column":2},"end":{"line":31,"column":29}}},"3":{"name":"TokenBounty","line":53,"loc":{"start":{"line":53,"column":2},"end":{"line":70,"column":4}}},"4":{"name":"fulfillmentPayment","line":79,"loc":{"start":{"line":79,"column":4},"end":{"line":85,"column":6}}},"5":{"name":"killBounty","line":97,"loc":{"start":{"line":97,"column":4},"end":{"line":100,"column":6}}}},"statementMap":{"1":{"start":{"line":25,"column":4},"end":{"line":25,"column":63}},"2":{"start":{"line":26,"column":4},"end":{"line":26,"column":63}},"3":{"start":{"line":32,"column":4},"end":{"line":32,"column":17}},"4":{"start":{"line":33,"column":4},"end":{"line":33,"column":769}},"5":{"start":{"line":34,"column":6},"end":{"line":34,"column":35}},"6":{"start":{"line":36,"column":4},"end":{"line":36,"column":67}},"7":{"start":{"line":71,"column":4},"end":{"line":71,"column":47}},"8":{"start":{"line":87,"column":6},"end":{"line":87,"column":59}},"9":{"start":{"line":91,"column":6},"end":{"line":91,"column":62}},"10":{"start":{"line":103,"column":6},"end":{"line":103,"column":41}},"11":{"start":{"line":105,"column":6},"end":{"line":105,"column":19}}},"branchMap":{"1":{"line":25,"type":"if","locations":[{"start":{"line":25,"column":4},"end":{"line":25,"column":4}},{"start":{"line":25,"column":4},"end":{"line":25,"column":4}}]},"2":{"line":26,"type":"if","locations":[{"start":{"line":26,"column":4},"end":{"line":26,"column":4}},{"start":{"line":26,"column":4},"end":{"line":26,"column":4}}]},"3":{"line":36,"type":"if","locations":[{"start":{"line":36,"column":4},"end":{"line":36,"column":4}},{"start":{"line":36,"column":4},"end":{"line":36,"column":4}}]}}}}