TN:
SF:/Users/Mark/Desktop/StandardBounties/contracts/bountied.sol
FN:20,onlyIssuer
FN:27,Bountied
FN:32,toggleBountied
FN:37,setContract
FN:44,checkInvariant
FNF:5
FNH:0
FNDA:0,onlyIssuer
FNDA:0,Bountied
FNDA:0,toggleBountied
FNDA:0,setContract
FNDA:0,checkInvariant
DA:21,0
DA:22,0
DA:28,0
DA:29,0
DA:33,0
DA:40,0
DA:85,0
LF:7
LH:0
BRDA:21,1,0,0
BRDA:21,1,1,0
BRF:2
BRH:0
end_of_record
TN:
SF:/Users/Mark/Desktop/StandardBounties/contracts/BountyFactory.sol
FN:20,create
FNF:1
FNH:0
FNDA:0,create
DA:31,0
DA:39,0
DA:40,0
LF:3
LH:0
BRF:0
BRH:0
end_of_record
TN:
SF:/Users/Mark/Desktop/StandardBounties/contracts/CodeBugBounty.sol
FN:23,checkBountiedInvariants
FN:29,checkBountiedInvariantsFailed
FN:47,CodeBugBounty
FN:75,fulfillBounty
FNF:4
FNH:0
FNDA:0,checkBountiedInvariants
FNDA:0,checkBountiedInvariantsFailed
FNDA:0,CodeBugBounty
FNDA:0,fulfillBounty
DA:24,0
DA:25,0
DA:26,0
DA:30,0
DA:31,0
DA:66,0
DA:83,0
DA:85,0
LF:8
LH:0
BRDA:25,1,0,0
BRDA:25,1,1,0
BRDA:30,2,0,0
BRDA:30,2,1,0
BRF:4
BRH:0
end_of_record
TN:
SF:/Users/Mark/Desktop/StandardBounties/contracts/CodeBugBountyFactory.sol
FN:21,create
FN:48,getInstanceCount
FNF:2
FNH:0
FNDA:0,create
FNDA:0,getInstanceCount
DA:33,0
DA:42,0
DA:43,0
DA:53,0
LF:4
LH:0
BRF:0
BRH:0
end_of_record
TN:
SF:/Users/Mark/Desktop/StandardBounties/contracts/Factory.sol
FN:16,getInstantiationCount
FN:27,register
FNF:2
FNH:0
FNDA:0,getInstantiationCount
FNDA:0,register
DA:21,0
DA:28,0
DA:29,0
DA:30,0
LF:4
LH:0
BRF:0
BRH:0
end_of_record
TN:
SF:/Users/Mark/Desktop/StandardBounties/contracts/StandardBounty.sol
FN:73,onlyIssuer
FN:77,onlyIssuerOrArbiter
FN:81,notIssuerOrArbiter
FN:86,onlyFulfiller
FN:90,amountIsNotZero
FN:94,amountsNotZero
FN:101,amountEqualsValue
FN:106,isBeforeDeadline
FN:111,validateDeadline
FN:116,newDeadlineIsValid
FN:121,isAtStage
FN:127,isNotDead
FN:132,checkFulfillmentsNumber
FN:137,validateFulfillmentArrayIndex
FN:142,validateMilestoneIndex
FN:147,checkFulfillmentIsApprovedAndUnpaid
FN:153,validateFunding
FN:164,correctLengths
FN:169,unpaidAmountRemains
FN:186,StandardBounty
FN:216,contribute
FN:230,activateBounty
FN:248,fulfillBounty
FN:264,acceptFulfillment
FN:281,fulfillmentPayment
FN:299,killBounty
FN:313,extendDeadline
FN:326,transferIssuer
FN:340,changeBounty
FN:363,changeDeadline
FN:374,changeData
FN:384,changeContact
FN:394,changeArbiter
FN:406,changeFulfillmentAmounts
FN:420,getFulfillment
FN:436,getBounty
FN:452,unpaidAmount
FN:470,transitionToState
FNF:38
FNH:31
FNDA:30,onlyIssuer
FNDA:16,onlyIssuerOrArbiter
FNDA:17,notIssuerOrArbiter
FNDA:11,onlyFulfiller
FNDA:4,amountIsNotZero
FNDA:29,amountsNotZero
FNDA:24,amountEqualsValue
FNDA:44,isBeforeDeadline
FNDA:28,validateDeadline
FNDA:2,newDeadlineIsValid
FNDA:34,isAtStage
FNDA:5,isNotDead
FNDA:17,checkFulfillmentsNumber
FNDA:52,validateFulfillmentArrayIndex
FNDA:69,validateMilestoneIndex
FNDA:10,checkFulfillmentIsApprovedAndUnpaid
FNDA:20,validateFunding
FNDA:27,correctLengths
FNDA:16,unpaidAmountRemains
FNDA:25,StandardBounty
FNDA:2,contribute
FNDA:17,activateBounty
FNDA:16,fulfillBounty
FNDA:15,acceptFulfillment
FNDA:10,fulfillmentPayment
FNDA:4,killBounty
FNDA:1,extendDeadline
FNDA:1,transferIssuer
FNDA:0,changeBounty
FNDA:0,changeDeadline
FNDA:0,changeData
FNDA:0,changeContact
FNDA:0,changeArbiter
FNDA:0,changeFulfillmentAmounts
FNDA:25,getFulfillment
FNDA:0,getBounty
FNDA:42,unpaidAmount
FNDA:21,transitionToState
DA:74,30
DA:75,29
DA:78,16
DA:79,16
DA:82,17
DA:83,16
DA:87,11
DA:88,10
DA:91,4
DA:92,3
DA:95,29
DA:96,85
DA:98,28
DA:102,24
DA:103,22
DA:107,44
DA:108,44
DA:112,28
DA:113,27
DA:117,2
DA:118,1
DA:122,34
DA:123,33
DA:128,5
DA:129,4
DA:133,17
DA:134,17
DA:138,52
DA:139,52
DA:143,69
DA:144,69
DA:148,10
DA:149,10
DA:155,20
DA:156,20
DA:157,60
DA:160,20
DA:161,17
DA:165,27
DA:166,26
DA:170,16
DA:171,15
DA:199,25
DA:200,25
DA:201,25
DA:202,25
DA:203,25
DA:204,25
DA:206,25
DA:223,2
DA:238,17
DA:240,17
DA:241,17
DA:256,16
DA:258,16
DA:272,15
DA:273,15
DA:275,15
DA:288,10
DA:289,10
DA:291,10
DA:293,10
DA:303,4
DA:305,4
DA:307,4
DA:318,1
DA:320,1
DA:330,1
DA:353,0
DA:354,0
DA:355,0
DA:356,0
DA:357,0
DA:358,0
DA:369,0
DA:379,0
DA:389,0
DA:399,0
DA:413,0
DA:427,25
DA:441,0
DA:457,42
DA:458,126
DA:473,21
LF:84
LH:72
BRDA:74,1,0,29
BRDA:74,1,1,1
BRDA:78,2,0,16
BRDA:78,2,1,0
BRDA:82,3,0,16
BRDA:82,3,1,1
BRDA:87,4,0,10
BRDA:87,4,1,1
BRDA:91,5,0,3
BRDA:91,5,1,1
BRDA:96,6,0,84
BRDA:96,6,1,1
BRDA:102,7,0,22
BRDA:102,7,1,2
BRDA:107,8,0,44
BRDA:107,8,1,0
BRDA:112,9,0,27
BRDA:112,9,1,1
BRDA:117,10,0,1
BRDA:117,10,1,1
BRDA:122,11,0,33
BRDA:122,11,1,1
BRDA:128,12,0,4
BRDA:128,12,1,1
BRDA:133,13,0,17
BRDA:133,13,1,0
BRDA:138,14,0,52
BRDA:138,14,1,0
BRDA:143,15,0,69
BRDA:143,15,1,0
BRDA:148,16,0,10
BRDA:148,16,1,0
BRDA:160,17,0,17
BRDA:160,17,1,3
BRDA:165,18,0,26
BRDA:165,18,1,1
BRDA:170,19,0,15
BRDA:170,19,1,1
BRF:38
BRH:32
end_of_record
TN:
SF:/Users/Mark/Desktop/StandardBounties/contracts/StandardToken.sol
FN:15,transfer
FN:28,transferFrom
FN:40,balanceOf
FN:44,approve
FN:50,allowance
FNF:5
FNH:0
FNDA:0,transfer
FNDA:0,transferFrom
FNDA:0,balanceOf
FNDA:0,approve
FNDA:0,allowance
DA:20,0
DA:21,0
DA:22,0
DA:23,0
DA:24,0
DA:31,0
DA:32,0
DA:33,0
DA:34,0
DA:35,0
DA:36,0
DA:41,0
DA:45,0
DA:46,0
DA:47,0
DA:51,0
LF:16
LH:0
BRDA:20,1,0,0
BRDA:20,1,1,0
BRDA:31,2,0,0
BRDA:31,2,1,0
BRF:4
BRH:0
end_of_record
TN:
SF:/Users/Mark/Desktop/StandardBounties/contracts/Token.sol
FNF:0
FNH:0
LF:0
LH:0
BRF:0
BRH:0
end_of_record
TN:
SF:/Users/Mark/Desktop/StandardBounties/contracts/TokenBounty.sol
FN:24,amountEqualsValue
FN:31,validateFunding
FN:53,TokenBounty
FN:79,fulfillmentPayment
FN:97,killBounty
FNF:5
FNH:0
FNDA:0,amountEqualsValue
FNDA:0,validateFunding
FNDA:0,TokenBounty
FNDA:0,fulfillmentPayment
FNDA:0,killBounty
DA:25,0
DA:26,0
DA:28,0
DA:32,0
DA:33,0
DA:34,0
DA:36,0
DA:38,0
DA:71,0
DA:86,0
DA:87,0
DA:89,0
DA:91,0
DA:101,0
DA:103,0
DA:105,0
LF:16
LH:0
BRDA:25,1,0,0
BRDA:25,1,1,0
BRDA:26,2,0,0
BRDA:26,2,1,0
BRDA:36,3,0,0
BRDA:36,3,1,0
BRF:6
BRH:0
end_of_record
