TN:
SF:/Users/Mark/Desktop/StandardBounties/contracts/StandardBountiesFactory.sol
FN:14,StandardBountiesFactory
FN:18,createBounty
FN:28,getNumBounties
FNF:3
FNH:3
FNDA:1,StandardBountiesFactory
FNDA:100,createBounty
FNDA:100,getNumBounties
DA:15,1
DA:21,100
DA:22,100
DA:23,100
DA:25,100
DA:33,100
LF:6
LH:6
BRF:0
BRH:0
end_of_record
TN:
SF:/Users/Mark/Desktop/StandardBounties/contracts/StandardBounty.sol
FN:58,onlyController
FN:63,validateFulfillmentArrayIndex
FN:68,validateNotTooManyFulfillments
FN:73,hasNotPaid
FN:78,onlyContributor
FN:83,notYetRefunded
FN:88,sameLength
FN:93,sumToOne
FN:107,
FN:114,initializeBounty
FN:129,refundableContribute
FN:148,refundContribution
FN:164,fulfillBounty
FN:175,calculateFraction
FN:190,acceptFulfillment
FN:213,fulfillAndAccept
FN:236,drainBounty
FN:254,changeBounty
FN:263,changeController
FN:271,changeData
FN:279,changeMasterCopy
FN:287,getBounty
FN:298,getFulfillment
FNF:23
FNH:23
FNDA:69,onlyController
FNDA:26,validateFulfillmentArrayIndex
FNDA:54,validateNotTooManyFulfillments
FNDA:14,hasNotPaid
FNDA:12,onlyContributor
FNDA:10,notYetRefunded
FNDA:104,sameLength
FNDA:54,sumToOne
FNDA:4,
FNDA:199,initializeBounty
FNDA:72,refundableContribute
FNDA:8,refundContribution
FNDA:54,fulfillBounty
FNDA:78,calculateFraction
FNDA:24,acceptFulfillment
FNDA:22,fulfillAndAccept
FNDA:4,drainBounty
FNDA:2,changeBounty
FNDA:2,changeController
FNDA:2,changeData
FNDA:1,changeMasterCopy
FNDA:24,getBounty
FNDA:28,getFulfillment
DA:59,69
DA:60,57
DA:64,26
DA:65,26
DA:69,54
DA:70,54
DA:74,14
DA:75,12
DA:79,12
DA:80,10
DA:84,10
DA:85,8
DA:89,104
DA:90,104
DA:94,54
DA:95,54
DA:96,54
DA:98,54
DA:99,54
DA:119,199
DA:120,197
DA:124,195
DA:125,195
DA:133,72
DA:135,70
DA:136,70
DA:137,70
DA:138,118
DA:139,114
DA:140,114
DA:141,62
DA:143,52
DA:154,8
DA:155,8
DA:156,10
DA:157,6
DA:159,4
DA:170,54
DA:172,54
DA:180,78
DA:183,78
DA:184,78
DA:187,78
DA:196,24
DA:197,24
DA:198,24
DA:199,44
DA:200,44
DA:201,24
DA:202,22
DA:204,20
DA:205,18
DA:210,20
DA:218,22
DA:219,22
DA:220,22
DA:221,22
DA:222,42
DA:223,42
DA:224,22
DA:225,20
DA:227,20
DA:228,18
DA:233,18
DA:240,4
DA:241,8
DA:242,8
DA:243,4
DA:244,4
DA:247,4
DA:248,4
DA:251,4
DA:258,2
DA:259,2
DA:260,2
DA:267,2
DA:268,2
DA:275,2
DA:276,2
DA:283,1
DA:284,1
DA:292,24
DA:303,28
LF:83
LH:83
BRDA:59,1,0,57
BRDA:59,1,1,12
BRDA:64,2,0,26
BRDA:64,2,1,0
BRDA:69,3,0,54
BRDA:69,3,1,0
BRDA:74,4,0,12
BRDA:74,4,1,2
BRDA:79,5,0,10
BRDA:79,5,1,2
BRDA:84,6,0,8
BRDA:84,6,1,2
BRDA:89,7,0,104
BRDA:89,7,1,0
BRDA:98,8,0,54
BRDA:98,8,1,0
BRDA:119,9,0,197
BRDA:119,9,1,2
BRDA:120,10,0,195
BRDA:120,10,1,2
BRDA:133,11,0,70
BRDA:133,11,1,2
BRDA:138,12,0,114
BRDA:138,12,1,4
BRDA:140,13,0,62
BRDA:140,13,1,52
BRDA:141,14,0,60
BRDA:141,14,1,2
BRDA:143,15,0,50
BRDA:143,15,1,2
BRDA:156,16,0,6
BRDA:156,16,1,4
BRDA:159,17,0,4
BRDA:159,17,1,0
BRDA:180,18,0,78
BRDA:180,18,1,0
BRDA:184,19,0,78
BRDA:184,19,1,0
BRDA:200,20,0,24
BRDA:200,20,1,20
BRDA:201,21,0,22
BRDA:201,21,1,2
BRDA:204,22,0,18
BRDA:204,22,1,2
BRDA:205,23,0,18
BRDA:205,23,1,0
BRDA:223,24,0,22
BRDA:223,24,1,20
BRDA:224,25,0,20
BRDA:224,25,1,2
BRDA:227,26,0,18
BRDA:227,26,1,2
BRDA:228,27,0,18
BRDA:228,27,1,0
BRDA:242,28,0,4
BRDA:242,28,1,4
BRDA:248,29,0,4
BRDA:248,29,1,0
BRDA:283,30,0,1
BRDA:283,30,1,0
BRF:60
BRH:49
end_of_record
